\BOOKMARK [0][-]{chapter*.2}{\376\377\000K\000i\000v\000o\000n\000a\000t}{}% 1
\BOOKMARK [0][-]{chapter*.3}{\376\377\000A\000b\000s\000t\000r\000a\000c\000t}{}% 2
\BOOKMARK [0][-]{chapter*.4}{\376\377\000I\000n\000t\000r\000o\000d\000u\000c\000t\000i\000o\000n}{}% 3
\BOOKMARK [0][-]{chapter.1}{\376\377\000I\000n\000t\000r\000o\000d\000u\000c\000t\000i\000o\000n\000\040\000o\000f\000\040\000S\000e\000n\000s\000o\000r\000M\000L\000\040\000a\000n\000d\000\040\000S\000e\000n\000s\000o\000r\000W\000e\000b}{}% 4
\BOOKMARK [1][-]{section.1.1}{\376\377\000G\000o\000a\000l\000s\000\040\000o\000f\000\040\000o\000b\000s\000e\000r\000v\000a\000t\000i\000o\000n\000\040\000g\000a\000t\000h\000e\000r\000i\000n\000g}{chapter.1}% 5
\BOOKMARK [1][-]{section.1.2}{\376\377\000T\000y\000p\000e\000s\000\040\000o\000f\000\040\000s\000e\000n\000s\000o\000r\000s}{chapter.1}% 6
\BOOKMARK [1][-]{section.1.3}{\376\377\000T\000h\000e\000\040\000S\000e\000n\000s\000o\000r\000M\000L}{chapter.1}% 7
\BOOKMARK [1][-]{section.1.4}{\376\377\000S\000e\000r\000v\000e\000r\000\040\000O\000b\000s\000e\000r\000v\000a\000t\000i\000o\000n\000\040\000S\000e\000r\000v\000i\000c\000e}{chapter.1}% 8
\BOOKMARK [1][-]{section.1.5}{\376\377\0005\0002\000n\000o\000r\000t\000h\000\040\000S\000O\000S\000\040\000s\000e\000r\000v\000e\000r}{chapter.1}% 9
\BOOKMARK [1][-]{section.1.6}{\376\377\000S\000O\000S\000\040\000c\000o\000m\000m\000a\000n\000d\000s}{chapter.1}% 10
\BOOKMARK [1][-]{section.1.7}{\376\377\000S\000O\000S\000\040\000c\000l\000i\000e\000n\000t\000\040\000a\000p\000p\000l\000i\000c\000a\000t\000i\000o\000n\000s}{chapter.1}% 11
\BOOKMARK [0][-]{chapter.2}{\376\377\000S\000e\000m\000a\000n\000t\000i\000c\000\040\000C\000o\000n\000n\000e\000c\000t\000i\000o\000n}{}% 12
\BOOKMARK [1][-]{section.2.1}{\376\377\000A\000d\000v\000a\000n\000t\000a\000g\000e\000s\000\040\000o\000f\000\040\000s\000e\000m\000a\000n\000t\000i\000c\000\040\000i\000n\000f\000o\000r\000m\000a\000t\000i\000o\000n}{chapter.2}% 13
\BOOKMARK [1][-]{section.2.2}{\376\377\000R\000e\000s\000o\000u\000r\000c\000e\000\040\000D\000e\000f\000i\000n\000i\000t\000i\000o\000n\000\040\000F\000r\000a\000m\000e\000w\000o\000r\000k}{chapter.2}% 14
\BOOKMARK [1][-]{section.2.3}{\376\377\000S\000o\000m\000e\000\040\000o\000p\000e\000n\000\040\000s\000o\000u\000c\000e\000\040\000R\000D\000F\000\040\000d\000a\000t\000a\000b\000a\000s\000e\000s}{chapter.2}% 15
\BOOKMARK [1][-]{section.2.4}{\376\377\000S\000P\000A\000R\000Q\000L\000\040\000f\000o\000r\000\040\000t\000h\000e\000\040\000q\000u\000e\000r\000i\000e\000s}{chapter.2}% 16
\BOOKMARK [0][-]{chapter.3}{\376\377\000T\000h\000e\000\040\000I\000m\000p\000l\000e\000m\000e\000n\000t\000a\000t\000i\000o\000n}{}% 17
\BOOKMARK [1][-]{section.3.1}{\376\377\000G\000o\000a\000l\000\040\000o\000f\000\040\000t\000h\000e\000\040\000i\000m\000p\000l\000e\000m\000e\000n\000t\000a\000t\000i\000o\000n}{chapter.3}% 18
\BOOKMARK [1][-]{section.3.2}{\376\377\000T\000h\000e\000\040\000t\000e\000s\000t\000\040\000e\000n\000v\000i\000r\000o\000n\000m\000e\000n\000t}{chapter.3}% 19
\BOOKMARK [1][-]{section.3.3}{\376\377\000N\000o\000d\000e\000J\000S\000:\000\040\000T\000h\000e\000\040\000b\000a\000s\000e\000\040\000o\000f\000\040\000t\000h\000e\000\040\000c\000o\000n\000n\000e\000c\000t\000o\000r\000\040\000a\000p\000p\000l\000i\000c\000a\000t\000i\000o\000n}{chapter.3}% 20
\BOOKMARK [1][-]{section.3.4}{\376\377\000D\000e\000p\000e\000n\000d\000e\000n\000t\000\040\000m\000o\000d\000u\000l\000e\000s}{chapter.3}% 21
\BOOKMARK [1][-]{section.3.5}{\376\377\000R\000D\000F\000\040\000r\000e\000p\000r\000e\000s\000e\000n\000t\000a\000t\000i\000o\000n\000\040\000o\000f\000\040\000t\000h\000e\000\040\000S\000O\000S\000\040\000d\000a\000t\000a}{chapter.3}% 22
\BOOKMARK [1][-]{section.3.6}{\376\377\000U\000s\000i\000n\000g\000\040\000t\000h\000e\000\040\000R\000D\000F\000\040\000d\000a\000t\000a\000b\000a\000s\000e}{chapter.3}% 23
\BOOKMARK [1][-]{section.3.7}{\376\377\000C\000o\000n\000n\000e\000c\000t\000i\000n\000g\000\040\000t\000h\000e\000\040\000S\000O\000S\000\040\000s\000e\000r\000v\000e\000r}{chapter.3}% 24
\BOOKMARK [1][-]{section.3.8}{\376\377\000S\000o\000l\000v\000i\000n\000g\000\040\000t\000h\000e\000\040\000c\000h\000a\000l\000l\000e\000n\000g\000e}{chapter.3}% 25
\BOOKMARK [1][-]{section.3.9}{\376\377\000U\000s\000i\000n\000g\000\040\000t\000h\000e\000\040\000S\000o\000f\000t\000w\000a\000r\000e}{chapter.3}% 26
\BOOKMARK [0][-]{chapter*.12}{\376\377\000A\000c\000k\000n\000o\000w\000l\000e\000d\000g\000e\000m\000e\000n\000t}{}% 27
\BOOKMARK [0][-]{chapter*.13}{\376\377\000B\000i\000b\000l\000i\000o\000g\000r\000a\000p\000h\000y}{}% 28
\BOOKMARK [0][-]{appendix*.14}{\376\377\000A\000c\000k\000n\000o\000w\000l\000e\000d\000g\000e\000m\000e\000n\000t}{}% 29
